[15:04:30] [ServerMain/INFO]: [bootstrap] Running Java 21 (OpenJDK 64-Bit Server VM 21.0.8+9-LTS; Red Hat, Inc. (Red_Hat-21.0.8.0.9-1)) on Linux 5.14.0-621.el9.x86_64 (amd64)
[15:04:30] [ServerMain/INFO]: [bootstrap] Loading Paper 1.21.8-60-main@29c8822 (2025-09-06T21:49:13Z) for Minecraft 1.21.8
[15:04:30] [ServerMain/INFO]: [PluginInitializerManager] Initializing plugins...
[15:04:31] [ServerMain/INFO]: [PluginInitializerManager] Initialized 0 plugins
[15:04:35] [ServerMain/INFO]: Environment: Environment[sessionHost=https://sessionserver.mojang.com, servicesHost=https://api.minecraftservices.com, name=PROD]
[15:04:35] [ServerMain/INFO]: [ca.spottedleaf.dataconverter.minecraft.datatypes.MCTypeRegistry] Initialising converters for DataConverter...
[15:04:35] [ServerMain/INFO]: [ca.spottedleaf.dataconverter.minecraft.datatypes.MCTypeRegistry] Finished initialising converters for DataConverter in 369.5ms
[15:04:36] [ServerMain/INFO]: Loaded 1407 recipes
[15:04:36] [ServerMain/INFO]: Loaded 1520 advancements
[15:04:36] [Server thread/INFO]: Starting minecraft server version 1.21.8
[15:04:36] [Server thread/INFO]: Loading properties
[15:04:36] [Server thread/INFO]: This server is running Paper version 1.21.8-60-main@29c8822 (2025-09-06T21:49:13Z) (Implementing API version 1.21.8-R0.1-SNAPSHOT)
[15:04:36] [Server thread/INFO]: [spark] This server bundles the spark profiler. For more information please visit https://docs.papermc.io/paper/profiling
[15:04:37] [Server thread/INFO]: Server Ping Player Sample Count: 12
[15:04:37] [Server thread/INFO]: Using 4 threads for Netty based IO
[15:04:37] [Server thread/INFO]: [MoonriseCommon] Paper is using 4 worker threads, 1 I/O threads
[15:04:37] [Server thread/INFO]: [ChunkTaskScheduler] Chunk system is using population gen parallelism: true
[15:04:37] [Server thread/INFO]: Default game type: SURVIVAL
[15:04:37] [Server thread/INFO]: Generating keypair
[15:04:37] [Server thread/INFO]: Starting Minecraft server on *:25466
[15:04:37] [Server thread/INFO]: Using epoll channel type
[15:04:37] [Server thread/INFO]: Paper: Using libdeflate (Linux x86_64) compression from Velocity.
[15:04:37] [Server thread/INFO]: Paper: Using OpenSSL 3.x.x (Linux x86_64) cipher from Velocity.
[15:04:37] [Server thread/INFO]: Server permissions file permissions.yml is empty, ignoring it
[15:04:37] [Server thread/WARN]: **** SERVER IS RUNNING IN OFFLINE/INSECURE MODE!
[15:04:37] [Server thread/WARN]: The server will make no attempt to authenticate usernames. Beware.
[15:04:37] [Server thread/WARN]: Whilst this makes it possible to use Velocity, unless access to your server is properly restricted, it also opens up the ability for hackers to connect with any username they choose.
[15:04:37] [Server thread/WARN]: Please see https://docs.papermc.io/velocity/security for further information.
[15:04:37] [Server thread/WARN]: To change this, set "online-mode" to "true" in the server.properties file.
[15:04:37] [Server thread/INFO]: Preparing level "limbo"
[15:04:38] [Server thread/INFO]: Preparing start region for dimension minecraft:overworld
[15:04:38] [Server thread/INFO]: Preparing spawn area: 0%
[15:04:38] [Server thread/INFO]: Time elapsed: 188 ms
[15:04:38] [Server thread/INFO]: Preparing start region for dimension minecraft:the_nether
[15:04:38] [Server thread/INFO]: Preparing spawn area: 0%
[15:04:38] [Server thread/INFO]: Time elapsed: 377 ms
[15:04:38] [Server thread/INFO]: Preparing start region for dimension minecraft:the_end
[15:04:38] [Server thread/INFO]: Preparing spawn area: 0%
[15:04:38] [Server thread/INFO]: Time elapsed: 40 ms
[15:04:38] [Server thread/INFO]: [spark] Starting background profiler...
[15:04:39] [Server thread/INFO]: Done preparing level "limbo" (1.086s)
[15:04:39] [Server thread/INFO]: Running delayed init tasks
[15:04:39] [Server thread/INFO]: Done (9.022s)! For help, type "help"
[15:07:34] [User Authenticator #0/INFO]: UUID of player RjsMc is 2ab00473-091a-46c1-80e9-d7f1b7f1485c
[15:07:34] [Server thread/INFO]: RjsMc joined the game
[15:07:34] [Server thread/INFO]: RjsMc[/96.231.192.233:49468] logged in with entity id 13 at ([limbo]8.499503073385114, 61.0, 8.392811867243687)
[15:07:39] [Server thread/INFO]: RjsMc lost connection: Disconnected
[15:07:39] [Server thread/INFO]: RjsMc left the game
[15:07:43] [User Authenticator #0/INFO]: UUID of player RjsMc is 2ab00473-091a-46c1-80e9-d7f1b7f1485c
[15:07:43] [Server thread/INFO]: RjsMc joined the game
[15:07:43] [Server thread/INFO]: RjsMc[/96.231.192.233:49476] logged in with entity id 14 at ([limbo]8.499503073385114, 61.0, 8.392811867243687)
[15:08:33] [Server thread/INFO]: RjsMc lost connection: Disconnected
[15:08:33] [Server thread/INFO]: RjsMc left the game
[15:08:40] [Server thread/INFO]: Stopping the server
[15:08:40] [Server thread/INFO]: Stopping server
[15:08:40] [Server thread/INFO]: Saving players
[15:08:40] [Server thread/INFO]: Saving worlds
[15:08:40] [Server thread/INFO]: Saving chunks for level 'ServerLevel[limbo]'/minecraft:overworld
[15:08:40] [Server thread/INFO]: [ChunkHolderManager] Waiting 60s for chunk system to halt for world 'limbo'
[15:08:40] [Server thread/INFO]: [ChunkHolderManager] Halted chunk system for world 'limbo'
[15:08:40] [Server thread/INFO]: [ChunkHolderManager] Saving all chunkholders for world 'limbo'
[15:08:41] [Server thread/INFO]: [ChunkHolderManager] Saved 625 block chunks, 625 entity chunks, 0 poi chunks in world 'limbo' in 0.19s
[15:08:41] [Server thread/INFO]: [ChunkHolderManager] Waiting 60s for chunk I/O to halt for world 'limbo'
[15:08:41] [Server thread/INFO]: [ChunkHolderManager] Halted I/O scheduler for world 'limbo'
[15:08:41] [Server thread/INFO]: Saving chunks for level 'ServerLevel[limbo_nether]'/minecraft:the_nether
[15:08:41] [Server thread/INFO]: [ChunkHolderManager] Waiting 60s for chunk system to halt for world 'limbo_nether'
[15:08:41] [Server thread/INFO]: [ChunkHolderManager] Halted chunk system for world 'limbo_nether'
[15:08:41] [Server thread/INFO]: [ChunkHolderManager] Saving all chunkholders for world 'limbo_nether'
[15:08:41] [Server thread/INFO]: [ChunkHolderManager] Saved 49 block chunks, 49 entity chunks, 0 poi chunks in world 'limbo_nether' in 0.06s
[15:08:41] [Server thread/INFO]: [ChunkHolderManager] Waiting 60s for chunk I/O to halt for world 'limbo_nether'
[15:08:41] [Server thread/INFO]: [ChunkHolderManager] Halted I/O scheduler for world 'limbo_nether'
[15:08:41] [Server thread/INFO]: Saving chunks for level 'ServerLevel[limbo_the_end]'/minecraft:the_end
[15:08:41] [Server thread/INFO]: [ChunkHolderManager] Waiting 60s for chunk system to halt for world 'limbo_the_end'
[15:08:41] [Server thread/INFO]: [ChunkHolderManager] Halted chunk system for world 'limbo_the_end'
[15:08:41] [Server thread/INFO]: [ChunkHolderManager] Saving all chunkholders for world 'limbo_the_end'
[15:08:41] [Server thread/INFO]: [ChunkHolderManager] Saved 49 block chunks, 49 entity chunks, 0 poi chunks in world 'limbo_the_end' in 0.02s
[15:08:41] [Server thread/INFO]: [ChunkHolderManager] Waiting 60s for chunk I/O to halt for world 'limbo_the_end'
[15:08:41] [Server thread/INFO]: [ChunkHolderManager] Halted I/O scheduler for world 'limbo_the_end'
[15:08:41] [Server thread/INFO]: ThreadedAnvilChunkStorage (limbo): All chunks are saved
[15:08:41] [Server thread/INFO]: ThreadedAnvilChunkStorage (DIM-1): All chunks are saved
[15:08:41] [Server thread/INFO]: ThreadedAnvilChunkStorage (DIM1): All chunks are saved
[15:08:41] [Server thread/INFO]: ThreadedAnvilChunkStorage: All dimensions are saved
[15:08:41] [Server thread/INFO]: Waiting for all RegionFile I/O tasks to complete...
[15:08:41] [Server thread/INFO]: All RegionFile I/O tasks to complete
[15:08:41] [Server thread/INFO]: [MoonriseCommon] Awaiting termination of worker pool for up to 60s...
[15:08:41] [Server thread/INFO]: [MoonriseCommon] Awaiting termination of I/O pool for up to 60s...
